# bash log â 2026/7/14 17:50:55
# session: (none)
# exit: 0  duration: 21ms
# command:
dir /b C:\Users\dmql\Desktop 2>&1

# stdout (832 chars):
1.pdf
2026-7ïŋ―ęąĻ
25ïŋ―ïŋ―ïŋ―ïŋ―
a3371bf8e93fcc87e403098a0466c1ec.jpg
AionUi.lnk
business
CC Switch.lnk
chatserver
data
EchoBird.lnk
erpnext
erpnext_page.html
githubïŋ―ïŋ―ïŋ―ïŋ―.txt
GO.txt
Hermes Studio.lnk
Internet Download Manager.lnk
ITOFïŋ―ïŋ―Â·ïŋ―ïŋ―ïŋ―ïŋ―Æąïŋ―ïŋ―Ûĩïŋ―.docx
Obsidian.lnk
OKX.lnk
OpenCode.lnk
ppt
QM
Sourcetree.lnk
Superpowers
Temp
The Binding of Isaac Rebirth.url
v2rayN.exe - ïŋ―ïŋ―Ý·ïŋ―Ę―.lnk
Visual Studio Code.lnk
WPS Office.lnk
xiaohongshu
yi-test
zebra
Zebra Font Downloader.lnk
ïŋ―ïŋ―ïŋ―ÄĄïŋ―ïŋ―ïŋ―ïŋ―ïŋ―ïŋ―ïŋ―Ōĩïŋ―Æŧïŋ―ïŋ―ïŋ― ïŋ―ïŋ― ïŋ―ïŋ―ÓēŌŧïŋ―ïŋ―.pdf
ïŋ―ïŋ―Æ·čĶīÃžïŋ―ïŋ―ïŋ―ïŋ―Îŧïŋ―ïŋ―ÏĩÍģïŋ―ïŋ―ïŋ―ïŋ―ïŋ―Öēïŋ―.docx
ïŋ―ïŋ―ïŋ―ïŋ―ïŋ―Äŋ
ïŋ―ïŋ―ïŋ―Įīïŋ―.txt
ïŋ―ïŋ―Ōĩïŋ―ïŋ―ïŋ―ïŋ―
ïŋ―æžĻ
ïŋ―ïŋ―ïŋ―ïŋ―
ïŋ―ïŋ―ĘžÉĻïŋ―ïŋ―.lnk
ïŋ―ïŋ―ïŋ―ïŋ―ïŋ―ïŋ―ÓĄïŋ―ïŋ―ïŋ―ïŋ―ïŋ―ïŋ―.lnk
ïŋ―Âžïŋ―ïŋ―ïŋ―AIïŋ―ïŋ―ïŋ―ïŋ―.pdf
ïŋ―Â―ïŋ― ïŋ―Äąïŋ―ïŋ―Äĩïŋ― (2).txt
ïŋ―Â―ïŋ― ïŋ―Äąïŋ―ïŋ―Äĩïŋ― (3).txt
ïŋ―Â―ïŋ― ïŋ―Äąïŋ―ïŋ―Äĩïŋ―.txt
ïŋ―Â―ïŋ―ïŋ―Äžïŋ―ïŋ―ïŋ―
ïŋ―Â―ïŋ―ïŋ―Äžïŋ―ïŋ―ïŋ― (2)
ïŋ―Â―ïŋ―ïŋ―Äžïŋ―ïŋ―ïŋ― (3)
ïŋ―ïŋ―ïŋ―Ô°ïŋ―ïŋ―ïŋ―
ïŋ―ïŋ―Ōĩïŋ―ïŋ―ÖŠïŋ―ïŋ―.docx
ĘĄïŋ―ïŋ―ïŋ―ïŋ―
ïŋ―ïŋ―ÄūĮ§ïŋ―ïŋ―+ïŋ―ïŋ―ïŋ―Åĩïŋ―ïŋ―ïŋ―ïŋ―ïŋ―ïŋ―ïŋ―ïŋ―ïŋ―ÏĒïŋ―ïŋ―ïŋ―Þđïŋ―Ëū(3).pptx
ïŋ―ïŋ―ïŋ―ïŋ―ïŋ―ïŋ―ïŋ―ïŋ―Æ·.xlsx
ïŋ―ïŋ―ïŋ―ïŋ―ïŋ―ïŋ―ïŋ―ïŋ―ïŋ―.lnk


