[     364ms] [WARNING] document.domain mutation is ignored because the surrounding agent cluster is origin-keyed. @ https://news.sina.com.cn/:34
[     831ms] [ERROR] Failed to load resource: net::ERR_SSL_PROTOCOL_ERROR @ https://d3.sina.com.cn/litong/zhitou/sinaads/demo/wenjing8/ZaoWanBao/toutiaobao.js:0
[     855ms] [ERROR] Failed to load resource: net::ERR_SSL_PROTOCOL_ERROR @ https://sbeacon.sina.com.cn/a.gif?V=2.1.16&CI=sz:1707x1067|dp:32|ac:Mozilla|an:Netscape|cpu:undefined|pf:Win32|jv:1.3|ct:unkown|lg:zh-CN|tz:-8|fv:undefined|ja:0&PI=pid:1-9999-0-912-1|st:0|et:1|ref:|hp:unkown|PGLS:PGLS000023|ZT:|MT:|keys:|dom:47|ifr:0&UI=vid:undefined|sid:797690519044.3684.1783241710405|lv::1:1:1|un:|uo:|ae:|lu:|si:|rs:0|dm:0|su:&MT=dataid:wpcomos:66284|vjuids:&EX=ex1:2017_old|ex2:&gUid_1783241710405:0
[     856ms] [ERROR] Failed to load resource: net::ERR_SSL_PROTOCOL_ERROR @ https://d3.sina.com.cn/litong/zhitou/leju/news.js?callback=lejuDataCallback:0
[     991ms] TypeError: Cannot read properties of null (reading 'getElementsByTagName')
    at https://news.sina.com.cn/:1058:43
    at jsLoader (https://n.sinaimg.cn/news/components/common.js:2:3149)
    at https://news.sina.com.cn/:1045:17
[    1253ms] Error: addLabel(labelID)参数错误:labelID 对像不存在!(value:blk_12_lab02)
    at SubShowClass.addLabel (https://news.sina.com.cn/js/268/index2015/common.js:588:9)
    at https://news.sina.com.cn/:2139:25
    at jsLoader (https://n.sinaimg.cn/news/components/common.js:2:3149)
    at https://news.sina.com.cn/:2136:13
[    1344ms] [ERROR] Failed to load resource: net::ERR_SSL_PROTOCOL_ERROR @ https://d2.sina.com.cn/litong/zhitou/sinaads/release/sinaads.js:0
[    1344ms] [ERROR] Failed to load resource: net::ERR_SSL_PROTOCOL_ERROR @ https://d3.sina.com.cn/litong/zhitou/sinaads/release/sinaads.js:0
[    1365ms] [LOG] sinaads_fail_handler @ https://news.sina.com.cn/:1166
[    1376ms] [ERROR] Failed to load resource: net::ERR_SSL_PROTOCOL_ERROR @ https://cpro.baidustatic.com/cpro/ui/cm.js:0
[    1392ms] [ERROR] Failed to load resource: net::ERR_SSL_PROTOCOL_ERROR @ https://cpro.baidustatic.com/cpro/ui/cm.js:0
[    1410ms] [ERROR] Failed to load resource: net::ERR_SSL_PROTOCOL_ERROR @ https://cpro.baidustatic.com/cpro/ui/cm.js:0
[    1414ms] [ERROR] Failed to load resource: net::ERR_SSL_PROTOCOL_ERROR @ https://cpro.baidustatic.com/cpro/ui/cm.js:0
[    1415ms] [ERROR] Failed to load resource: net::ERR_SSL_PROTOCOL_ERROR @ https://cpro.baidustatic.com/cpro/ui/cm.js:0
[    1420ms] [ERROR] Failed to load resource: net::ERR_SSL_PROTOCOL_ERROR @ https://cpro.baidustatic.com/cpro/ui/cm.js:0
[    1421ms] [ERROR] Failed to load resource: net::ERR_SSL_PROTOCOL_ERROR @ https://cpro.baidustatic.com/cpro/ui/cm.js:0
[    1469ms] [ERROR] Failed to load resource: net::ERR_SSL_PROTOCOL_ERROR @ https://d3.sina.com.cn/litong/zhitou/sinaads/release/sinaads.js:0
[    1480ms] [ERROR] Failed to load resource: net::ERR_SSL_PROTOCOL_ERROR @ https://cpro.baidustatic.com/cpro/ui/cm.js:0
[    1513ms] [ERROR] Failed to load resource: net::ERR_SSL_PROTOCOL_ERROR @ https://cpro.baidustatic.com/cpro/ui/cm.js:0
[    1516ms] [ERROR] Failed to load resource: net::ERR_SSL_PROTOCOL_ERROR @ https://d2.sina.com.cn/litong/zhitou/linwei3/monsch.js:0
[    1513ms] [ERROR] Failed to load resource: net::ERR_SSL_PROTOCOL_ERROR @ https://cpro.baidustatic.com/cpro/ui/cm.js:0
[    1516ms] [ERROR] Failed to load resource: net::ERR_SSL_PROTOCOL_ERROR @ https://d2.sina.com.cn/litong/zhitou/linwei3/monsch.js:0
[    1517ms] [ERROR] Failed to load resource: net::ERR_SSL_PROTOCOL_ERROR @ https://cpro.baidustatic.com/cpro/ui/cm.js:0
[    1522ms] [ERROR] Failed to load resource: net::ERR_SSL_PROTOCOL_ERROR @ https://cpro.baidustatic.com/cpro/ui/cm.js:0
[    1525ms] [ERROR] Failed to load resource: net::ERR_SSL_PROTOCOL_ERROR @ https://cpro.baidustatic.com/cpro/ui/cm.js:0
[    1526ms] [ERROR] Failed to load resource: net::ERR_SSL_PROTOCOL_ERROR @ https://cpro.baidustatic.com/cpro/ui/cm.js:0
[    1529ms] [ERROR] Failed to load resource: net::ERR_SSL_PROTOCOL_ERROR @ https://d2.sina.com.cn/litong/zhitou/linwei3/monsch.js:0
[    1686ms] Error: random()参数错误:参数数量与标签数量不符!(length:5)
    at SubShowClass.random (https://news.sina.com.cn/js/268/index2015/common.js:717:9)
    at https://news.sina.com.cn/:4769:15
    at jsLoader (https://n.sinaimg.cn/news/components/common.js:2:3149)
    at https://news.sina.com.cn/:4756:6
[    1858ms] TypeError: Cannot set properties of null (setting 'innerHTML')
    at createrNewLi (https://news.sina.com.cn/:3135:46)
    at Object.success (https://news.sina.com.cn/:3148:8)
    at j (https://news.sina.com.cn/268/2015/0112/jquery.newest.js:2:27295)
    at Object.fireWith [as resolveWith] (https://news.sina.com.cn/268/2015/0112/jquery.newest.js:2:28108)
    at x (https://news.sina.com.cn/268/2015/0112/jquery.newest.js:4:22061)
    at b.onload.b.onreadystatechange (https://news.sina.com.cn/268/2015/0112/jquery.newest.js:4:27017)
[    1859ms] TypeError: Cannot set properties of null (setting 'innerHTML')
    at createrNewLi (https://news.sina.com.cn/:3135:46)
    at Object.success (https://news.sina.com.cn/:3148:8)
    at j (https://news.sina.com.cn/268/2015/0112/jquery.newest.js:2:27295)
    at Object.fireWith [as resolveWith] (https://news.sina.com.cn/268/2015/0112/jquery.newest.js:2:28108)
    at x (https://news.sina.com.cn/268/2015/0112/jquery.newest.js:4:22061)
    at b.onload.b.onreadystatechange (https://news.sina.com.cn/268/2015/0112/jquery.newest.js:4:27017)
[    1859ms] TypeError: Cannot set properties of null (setting 'innerHTML')
    at createrNewLi (https://news.sina.com.cn/:3135:46)
    at Object.success (https://news.sina.com.cn/:3148:8)
    at j (https://news.sina.com.cn/268/2015/0112/jquery.newest.js:2:27295)
    at Object.fireWith [as resolveWith] (https://news.sina.com.cn/268/2015/0112/jquery.newest.js:2:28108)
    at x (https://news.sina.com.cn/268/2015/0112/jquery.newest.js:4:22061)
    at b.onload.b.onreadystatechange (https://news.sina.com.cn/268/2015/0112/jquery.newest.js:4:27017)
[    1918ms] [ERROR] Failed to load resource: net::ERR_SSL_PROTOCOL_ERROR @ https://hm.baidu.com/hm.js?90c40f528e0b2106bc03da5aadec190f:0
[    1921ms] [ERROR] Failed to load resource: net::ERR_SSL_PROTOCOL_ERROR @ https://cpro.baidustatic.com/cpro/ui/cm.js:0
[    1924ms] [ERROR] Failed to load resource: net::ERR_SSL_PROTOCOL_ERROR @ https://hm.baidu.com/hm.js?90c40f528e0b2106bc03da5aadec190f:0
[    1925ms] [ERROR] Failed to load resource: net::ERR_SSL_PROTOCOL_ERROR @ https://cpro.baidustatic.com/cpro/ui/cm.js:0
[    1927ms] [ERROR] Failed to load resource: net::ERR_SSL_PROTOCOL_ERROR @ https://hm.baidu.com/hm.js?90c40f528e0b2106bc03da5aadec190f:0
[    1928ms] [ERROR] Failed to load resource: net::ERR_SSL_PROTOCOL_ERROR @ https://cpro.baidustatic.com/cpro/ui/cm.js:0
[    1931ms] [ERROR] Failed to load resource: net::ERR_SSL_PROTOCOL_ERROR @ https://hm.baidu.com/hm.js?90c40f528e0b2106bc03da5aadec190f:0
[    1933ms] [ERROR] Failed to load resource: net::ERR_SSL_PROTOCOL_ERROR @ https://cpro.baidustatic.com/cpro/ui/cm.js:0
[    1945ms] [ERROR] Failed to load resource: net::ERR_SSL_PROTOCOL_ERROR @ https://d2.sina.com.cn/d1images/sinaads_entry/sinaads_entry_news.js:0
[    1976ms] [ERROR] Failed to load resource: net::ERR_SSL_PROTOCOL_ERROR @ https://d3.sina.com.cn/litong/zhitou/sinaads/demo/jiliang/toutiaobao/toutiaobao.js:0
[    1976ms] Invalid hexadecimal escape sequence
[    1997ms] [ERROR] Failed to load resource: net::ERR_SSL_PROTOCOL_ERROR @ https://d2.sina.com.cn/litong/zhitou/sinaads/release/ad_logo_update_IAB.gif:0
[    1513ms] [ERROR] Failed to load resource: net::ERR_SSL_PROTOCOL_ERROR @ https://cpro.baidustatic.com/cpro/ui/cm.js:0
[    1516ms] [ERROR] Failed to load resource: net::ERR_SSL_PROTOCOL_ERROR @ https://d2.sina.com.cn/litong/zhitou/linwei3/monsch.js:0
[    1517ms] [ERROR] Failed to load resource: net::ERR_SSL_PROTOCOL_ERROR @ https://cpro.baidustatic.com/cpro/ui/cm.js:0
[    1522ms] [ERROR] Failed to load resource: net::ERR_SSL_PROTOCOL_ERROR @ https://cpro.baidustatic.com/cpro/ui/cm.js:0
[    1525ms] [ERROR] Failed to load resource: net::ERR_SSL_PROTOCOL_ERROR @ https://cpro.baidustatic.com/cpro/ui/cm.js:0
[    1526ms] [ERROR] Failed to load resource: net::ERR_SSL_PROTOCOL_ERROR @ https://cpro.baidustatic.com/cpro/ui/cm.js:0
[    1529ms] [ERROR] Failed to load resource: net::ERR_SSL_PROTOCOL_ERROR @ https://d2.sina.com.cn/litong/zhitou/linwei3/monsch.js:0
[    2088ms] [ERROR] Failed to load resource: net::ERR_SSL_PROTOCOL_ERROR @ https://cpro.baidustatic.com/cpro/ui/cm.js:0
[    2138ms] [ERROR] Failed to load resource: net::ERR_SSL_PROTOCOL_ERROR @ https://hm.baidu.com/hm.js?90c40f528e0b2106bc03da5aadec190f:0
[    2138ms] [ERROR] Failed to load resource: net::ERR_SSL_PROTOCOL_ERROR @ https://cpro.baidustatic.com/cpro/ui/cm.js:0
[    2225ms] [ERROR] Failed to load resource: net::ERR_SSL_PROTOCOL_ERROR @ https://d2.sina.com.cn/litong/zhitou/sinaads/60x18_1_close.gif:0
[    2228ms] [ERROR] Failed to load resource: net::ERR_SSL_PROTOCOL_ERROR @ https://cpro.baidustatic.com/cpro/ui/cm.js:0
[    2228ms] [ERROR] Failed to load resource: net::ERR_SSL_PROTOCOL_ERROR @ https://d2.sina.com.cn/litong/zhitou/sinaads/60x18_2_close.gif:0
[    1513ms] [ERROR] Failed to load resource: net::ERR_SSL_PROTOCOL_ERROR @ https://cpro.baidustatic.com/cpro/ui/cm.js:0
[    1516ms] [ERROR] Failed to load resource: net::ERR_SSL_PROTOCOL_ERROR @ https://d2.sina.com.cn/litong/zhitou/linwei3/monsch.js:0
[    1517ms] [ERROR] Failed to load resource: net::ERR_SSL_PROTOCOL_ERROR @ https://cpro.baidustatic.com/cpro/ui/cm.js:0
[    1522ms] [ERROR] Failed to load resource: net::ERR_SSL_PROTOCOL_ERROR @ https://cpro.baidustatic.com/cpro/ui/cm.js:0
[    1525ms] [ERROR] Failed to load resource: net::ERR_SSL_PROTOCOL_ERROR @ https://cpro.baidustatic.com/cpro/ui/cm.js:0
[    1526ms] [ERROR] Failed to load resource: net::ERR_SSL_PROTOCOL_ERROR @ https://cpro.baidustatic.com/cpro/ui/cm.js:0
[    1529ms] [ERROR] Failed to load resource: net::ERR_SSL_PROTOCOL_ERROR @ https://d2.sina.com.cn/litong/zhitou/linwei3/monsch.js:0
[    2088ms] [ERROR] Failed to load resource: net::ERR_SSL_PROTOCOL_ERROR @ https://cpro.baidustatic.com/cpro/ui/cm.js:0
[    1513ms] [ERROR] Failed to load resource: net::ERR_SSL_PROTOCOL_ERROR @ https://cpro.baidustatic.com/cpro/ui/cm.js:0
[    1516ms] [ERROR] Failed to load resource: net::ERR_SSL_PROTOCOL_ERROR @ https://d2.sina.com.cn/litong/zhitou/linwei3/monsch.js:0
[    1517ms] [ERROR] Failed to load resource: net::ERR_SSL_PROTOCOL_ERROR @ https://cpro.baidustatic.com/cpro/ui/cm.js:0
[    1522ms] [ERROR] Failed to load resource: net::ERR_SSL_PROTOCOL_ERROR @ https://cpro.baidustatic.com/cpro/ui/cm.js:0
[    1525ms] [ERROR] Failed to load resource: net::ERR_SSL_PROTOCOL_ERROR @ https://cpro.baidustatic.com/cpro/ui/cm.js:0
[    1526ms] [ERROR] Failed to load resource: net::ERR_SSL_PROTOCOL_ERROR @ https://cpro.baidustatic.com/cpro/ui/cm.js:0
[    1529ms] [ERROR] Failed to load resource: net::ERR_SSL_PROTOCOL_ERROR @ https://d2.sina.com.cn/litong/zhitou/linwei3/monsch.js:0
[    2088ms] [ERROR] Failed to load resource: net::ERR_SSL_PROTOCOL_ERROR @ https://cpro.baidustatic.com/cpro/ui/cm.js:0
[    2274ms] [ERROR] Failed to load resource: net::ERR_SSL_PROTOCOL_ERROR @ https://cpro.baidustatic.com/cpro/ui/cm.js:0
[    2276ms] [ERROR] Failed to load resource: net::ERR_SSL_PROTOCOL_ERROR @ https://cpro.baidustatic.com/cpro/ui/cm.js:0
[    2732ms] [LOG] Log API response: Response @ https://n.sinaimg.cn/default/7bd4e141/20251210/log.js:21
[    1513ms] [ERROR] Failed to load resource: net::ERR_SSL_PROTOCOL_ERROR @ https://cpro.baidustatic.com/cpro/ui/cm.js:0
[    1516ms] [ERROR] Failed to load resource: net::ERR_SSL_PROTOCOL_ERROR @ https://d2.sina.com.cn/litong/zhitou/linwei3/monsch.js:0
[    1517ms] [ERROR] Failed to load resource: net::ERR_SSL_PROTOCOL_ERROR @ https://cpro.baidustatic.com/cpro/ui/cm.js:0
[    1522ms] [ERROR] Failed to load resource: net::ERR_SSL_PROTOCOL_ERROR @ https://cpro.baidustatic.com/cpro/ui/cm.js:0
[    1525ms] [ERROR] Failed to load resource: net::ERR_SSL_PROTOCOL_ERROR @ https://cpro.baidustatic.com/cpro/ui/cm.js:0
[    1526ms] [ERROR] Failed to load resource: net::ERR_SSL_PROTOCOL_ERROR @ https://cpro.baidustatic.com/cpro/ui/cm.js:0
[    1529ms] [ERROR] Failed to load resource: net::ERR_SSL_PROTOCOL_ERROR @ https://d2.sina.com.cn/litong/zhitou/linwei3/monsch.js:0
[    2088ms] [ERROR] Failed to load resource: net::ERR_SSL_PROTOCOL_ERROR @ https://cpro.baidustatic.com/cpro/ui/cm.js:0
[    2274ms] [ERROR] Failed to load resource: net::ERR_SSL_PROTOCOL_ERROR @ https://cpro.baidustatic.com/cpro/ui/cm.js:0
[    2276ms] [ERROR] Failed to load resource: net::ERR_SSL_PROTOCOL_ERROR @ https://cpro.baidustatic.com/cpro/ui/cm.js:0
[    1513ms] [ERROR] Failed to load resource: net::ERR_SSL_PROTOCOL_ERROR @ https://cpro.baidustatic.com/cpro/ui/cm.js:0
[    1516ms] [ERROR] Failed to load resource: net::ERR_SSL_PROTOCOL_ERROR @ https://d2.sina.com.cn/litong/zhitou/linwei3/monsch.js:0
[    1517ms] [ERROR] Failed to load resource: net::ERR_SSL_PROTOCOL_ERROR @ https://cpro.baidustatic.com/cpro/ui/cm.js:0
[    1522ms] [ERROR] Failed to load resource: net::ERR_SSL_PROTOCOL_ERROR @ https://cpro.baidustatic.com/cpro/ui/cm.js:0
[    1525ms] [ERROR] Failed to load resource: net::ERR_SSL_PROTOCOL_ERROR @ https://cpro.baidustatic.com/cpro/ui/cm.js:0
[    1526ms] [ERROR] Failed to load resource: net::ERR_SSL_PROTOCOL_ERROR @ https://cpro.baidustatic.com/cpro/ui/cm.js:0
[    1529ms] [ERROR] Failed to load resource: net::ERR_SSL_PROTOCOL_ERROR @ https://d2.sina.com.cn/litong/zhitou/linwei3/monsch.js:0
[    2088ms] [ERROR] Failed to load resource: net::ERR_SSL_PROTOCOL_ERROR @ https://cpro.baidustatic.com/cpro/ui/cm.js:0
[    2274ms] [ERROR] Failed to load resource: net::ERR_SSL_PROTOCOL_ERROR @ https://cpro.baidustatic.com/cpro/ui/cm.js:0
[    2276ms] [ERROR] Failed to load resource: net::ERR_SSL_PROTOCOL_ERROR @ https://cpro.baidustatic.com/cpro/ui/cm.js:0
[    3011ms] [ERROR] Failed to load resource: net::ERR_SSL_PROTOCOL_ERROR @ https://d2.sina.com.cn/litong/zhitou/sinaads/60x18_1_close.gif:0
[    3017ms] [ERROR] Failed to load resource: net::ERR_SSL_PROTOCOL_ERROR @ https://cpro.baidustatic.com/cpro/ui/cm.js:0
[    3031ms] [ERROR] Failed to load resource: net::ERR_SSL_PROTOCOL_ERROR @ https://cpro.baidustatic.com/cpro/ui/cm.js:0
[    3035ms] [ERROR] Failed to load resource: net::ERR_SSL_PROTOCOL_ERROR @ https://d2.sina.com.cn/litong/zhitou/linwei3/monsch.js:0
[    8149ms] [ERROR] Failed to load resource: net::ERR_SSL_PROTOCOL_ERROR @ https://cpro.baidustatic.com/cpro/ui/cm.js:0
[    8179ms] [ERROR] Failed to load resource: net::ERR_SSL_PROTOCOL_ERROR @ https://d2.sina.com.cn/litong/zhitou/sinaads/60x18_2_close.gif:0
[   31986ms] [ERROR] Failed to load resource: net::ERR_TIMED_OUT @ https://ip.leju.com/sina_sanshou_2010.php:0
[   32095ms] [VERBOSE] [DOM] Password field is not contained in a form: (More info: https://goo.gl/9p2vKq) %o @ https://news.sina.com.cn/:0
